[rospy.client][INFO] 2015-11-26 12:33:49,139: init_node, name[/calibrate_pr2], pid[12938]
[xmlrpc][INFO] 2015-11-26 12:33:49,139: XML-RPC server binding to 0.0.0.0:0
[xmlrpc][INFO] 2015-11-26 12:33:49,139: Started XML-RPC server [http://c1:55790/]
[rospy.init][INFO] 2015-11-26 12:33:49,139: ROS Slave URI: [http://c1:55790/]
[rospy.impl.masterslave][INFO] 2015-11-26 12:33:49,139: _ready: http://c1:55790/
[rospy.registration][INFO] 2015-11-26 12:33:49,140: Registering with master node http://c1:11311
[xmlrpc][INFO] 2015-11-26 12:33:49,140: xml rpc node: starting XML-RPC server
[rospy.registration][INFO] 2015-11-26 12:33:49,140: Registering publisher topic [/diagnostics] type [diagnostic_msgs/DiagnosticArray] with master
[rospy.registration][INFO] 2015-11-26 12:33:49,274: registering subscriber topic [/joint_states] type [sensor_msgs/JointState] with master
[rospy.registration][INFO] 2015-11-26 12:33:50,361: registering subscriber topic [/pr2_ethercat/motors_halted] type [std_msgs/Bool] with master
[rospy.init][INFO] 2015-11-26 12:33:51,643: registered with master
[rospy.rosout][INFO] 2015-11-26 12:33:51,643: initializing /rosout core topic
[rospy.rosout][INFO] 2015-11-26 12:33:51,859: connected to core topic /rosout
[rospy.simtime][INFO] 2015-11-26 12:33:51,958: /use_sim_time is not set, will not subscribe to simulated time [/clock] topic
[rospy.internal][INFO] 2015-11-26 12:33:52,091: topic[/pr2_ethercat/motors_halted] adding connection to [http://c1:59780/], count 0
[rospy.internal][INFO] 2015-11-26 12:33:55,932: topic[/rosout] adding connection to [/rosout], count 0
[rospy.internal][INFO] 2015-11-26 12:33:56,738: topic[/joint_states] adding connection to [http://c1:59780/], count 0
[rosout][INFO] 2015-11-26 12:33:56,953: Loading controller configuration on parameter server...
[rosout][INFO] 2015-11-26 12:33:57,011: Arm selection was set to "auto".  Chose to calibrate using "both"
[rosout][INFO] 2015-11-26 12:33:58,508: Calibrating imu
[rosout][INFO] 2015-11-26 12:33:58,784: Bringing down calibration node
[rospy.core][INFO] 2015-11-26 12:33:58,951: signal_shutdown [atexit]
[rospy.internal][INFO] 2015-11-26 12:33:58,954: topic[/rosout] removing connection to /rosout
[rospy.internal][INFO] 2015-11-26 12:33:58,954: topic[/joint_states] removing connection to http://c1:59780/
[rospy.internal][INFO] 2015-11-26 12:33:58,954: topic[/pr2_ethercat/motors_halted] removing connection to http://c1:59780/
[rospy.impl.masterslave][INFO] 2015-11-26 12:33:58,954: atexit
[rospy.internal][ERROR] 2015-11-26 12:33:58,955: Traceback (most recent call last):
  File "/opt/ros/indigo/lib/python2.7/dist-packages/rospy/impl/tcpros_base.py", line 698, in receive_once
    self.stat_bytes += recv_buff(sock, b, p.buff_size)
  File "/opt/ros/indigo/lib/python2.7/dist-packages/rospy/impl/tcpros_base.py", line 103, in recv_buff
    d = sock.recv(buff_size)
error: [Errno 104] Connection reset by peer

